# JRE version: Java(TM) SE Runtime Environment (7.0_79-b15) (build 1.7.0_79-b15)
# Java VM: Java HotSpot(TM) 64-Bit Server VM (24.79-b02 mixed mode windows-amd64 compressed oops)
Heap
 PSYoungGen      total 337408K, used 74132K [0x00000000e1080000, 0x00000000fbd00000, 0x0000000100000000)
  eden space 280064K, 14% used [0x00000000e1080000,0x00000000e36eff88,0x00000000f2200000)
  from space 57344K, 60% used [0x00000000f6d80000,0x00000000f8f752b8,0x00000000fa580000)
  to   space 24064K, 0% used [0x00000000fa580000,0x00000000fa580000,0x00000000fbd00000)
 ParOldGen       total 245248K, used 135788K [0x00000000a3200000, 0x00000000b2180000, 0x00000000e1080000)
  object space 245248K, 55% used [0x00000000a3200000,0x00000000ab69b080,0x00000000b2180000)
 PSPermGen       total 21504K, used 4522K [0x000000009e000000, 0x000000009f500000, 0x00000000a3200000)
  object space 21504K, 21% used [0x000000009e000000,0x000000009e46a808,0x000000009f500000)
GC Heap History (10 events):
Event: 5.205 GC heap before
{Heap before GC invocations=7 (full 0):
 PSYoungGen      total 214528K, used 212176K [0x00000000e1080000, 0x00000000efd80000, 0x0000000100000000)
  eden space 194048K, 100% used [0x00000000e1080000,0x00000000ece00000,0x00000000ece00000)
  from space 20480K, 88% used [0x00000000ee480000,0x00000000ef634020,0x00000000ef880000)
  to   space 23040K, 0% used [0x00000000ece00000,0x00000000ece00000,0x00000000ee480000)
 ParOldGen       total 62976K, used 36700K [0x00000000a3200000, 0x00000000a6f80000, 0x00000000e1080000)
  object space 62976K, 58% used [0x00000000a3200000,0x00000000a55d7250,0x00000000a6f80000)
 PSPermGen       total 21504K, used 4505K [0x000000009e000000, 0x000000009f500000, 0x00000000a3200000)
  object space 21504K, 20% used [0x000000009e000000,0x000000009e466470,0x000000009f500000)
Event: 5.406 GC heap after
Heap after GC invocations=7 (full 0):
 PSYoungGen      total 217088K, used 23008K [0x00000000e1080000, 0x00000000fdd80000, 0x0000000100000000)
  eden space 194048K, 0% used [0x00000000e1080000,0x00000000e1080000,0x00000000ece00000)
  from space 23040K, 99% used [0x00000000ece00000,0x00000000ee478020,0x00000000ee480000)
  to   space 41984K, 0% used [0x00000000fb480000,0x00000000fb480000,0x00000000fdd80000)
 ParOldGen       total 67072K, used 66580K [0x00000000a3200000, 0x00000000a7380000, 0x00000000e1080000)
  object space 67072K, 99% used [0x00000000a3200000,0x00000000a7305330,0x00000000a7380000)
 PSPermGen       total 21504K, used 4505K [0x000000009e000000, 0x000000009f500000, 0x00000000a3200000)
  object space 21504K, 20% used [0x000000009e000000,0x000000009e466470,0x000000009f500000)
}
Event: 5.406 GC heap before
{Heap before GC invocations=8 (full 1):
 PSYoungGen      total 217088K, used 23008K [0x00000000e1080000, 0x00000000fdd80000, 0x0000000100000000)
  eden space 194048K, 0% used [0x00000000e1080000,0x00000000e1080000,0x00000000ece00000)
  from space 23040K, 99% used [0x00000000ece00000,0x00000000ee478020,0x00000000ee480000)
  to   space 41984K, 0% used [0x00000000fb480000,0x00000000fb480000,0x00000000fdd80000)
 ParOldGen       total 67072K, used 66580K [0x00000000a3200000, 0x00000000a7380000, 0x00000000e1080000)
  object space 67072K, 99% used [0x00000000a3200000,0x00000000a7305330,0x00000000a7380000)
 PSPermGen       total 21504K, used 4505K [0x000000009e000000, 0x000000009f500000, 0x00000000a3200000)
  object space 21504K, 20% used [0x000000009e000000,0x000000009e466470,0x000000009f500000)
Event: 8.219 GC heap after
Heap after GC invocations=8 (full 1):
 PSYoungGen      total 217088K, used 22447K [0x00000000e1080000, 0x00000000fdd80000, 0x0000000100000000)
  eden space 194048K, 0% used [0x00000000e1080000,0x00000000e1080000,0x00000000ece00000)
  from space 23040K, 97% used [0x00000000ece00000,0x00000000ee3ebf50,0x00000000ee480000)
  to   space 41984K, 0% used [0x00000000fb480000,0x00000000fb480000,0x00000000fdd80000)
 ParOldGen       total 136192K, used 66701K [0x00000000a3200000, 0x00000000ab700000, 0x00000000e1080000)
  object space 136192K, 48% used [0x00000000a3200000,0x00000000a73236c0,0x00000000ab700000)
 PSPermGen       total 21504K, used 4503K [0x000000009e000000, 0x000000009f500000, 0x00000000a3200000)
  object space 21504K, 20% used [0x000000009e000000,0x000000009e465d10,0x000000009f500000)
}
Event: 9.013 GC heap before
{Heap before GC invocations=9 (full 1):
 PSYoungGen      total 217088K, used 216495K [0x00000000e1080000, 0x00000000fdd80000, 0x0000000100000000)
  eden space 194048K, 100% used [0x00000000e1080000,0x00000000ece00000,0x00000000ece00000)
  from space 23040K, 97% used [0x00000000ece00000,0x00000000ee3ebf50,0x00000000ee480000)
  to   space 41984K, 0% used [0x00000000fb480000,0x00000000fb480000,0x00000000fdd80000)
 ParOldGen       total 136192K, used 66701K [0x00000000a3200000, 0x00000000ab700000, 0x00000000e1080000)
  object space 136192K, 48% used [0x00000000a3200000,0x00000000a73236c0,0x00000000ab700000)
 PSPermGen       total 21504K, used 4505K [0x000000009e000000, 0x000000009f500000, 0x00000000a3200000)
  object space 21504K, 20% used [0x000000009e000000,0x000000009e466740,0x000000009f500000)
Event: 9.233 GC heap after
Heap after GC invocations=9 (full 1):
 PSYoungGen      total 281088K, used 41984K [0x00000000e1080000, 0x00000000fdd80000, 0x0000000100000000)
  eden space 239104K, 0% used [0x00000000e1080000,0x00000000e1080000,0x00000000efa00000)
  from space 41984K, 100% used [0x00000000fb480000,0x00000000fdd80000,0x00000000fdd80000)
  to   space 57344K, 0% used [0x00000000f6d80000,0x00000000f6d80000,0x00000000fa580000)
 ParOldGen       total 136192K, used 83965K [0x00000000a3200000, 0x00000000ab700000, 0x00000000e1080000)
  object space 136192K, 61% used [0x00000000a3200000,0x00000000a83ff6f0,0x00000000ab700000)
 PSPermGen       total 21504K, used 4505K [0x000000009e000000, 0x000000009f500000, 0x00000000a3200000)
  object space 21504K, 20% used [0x000000009e000000,0x000000009e466740,0x000000009f500000)
}
Event: 10.210 GC heap before
{Heap before GC invocations=10 (full 1):
 PSYoungGen      total 281088K, used 281088K [0x00000000e1080000, 0x00000000fdd80000, 0x0000000100000000)
  eden space 239104K, 100% used [0x00000000e1080000,0x00000000efa00000,0x00000000efa00000)
  from space 41984K, 100% used [0x00000000fb480000,0x00000000fdd80000,0x00000000fdd80000)
  to   space 57344K, 0% used [0x00000000f6d80000,0x00000000f6d80000,0x00000000fa580000)
 ParOldGen       total 136192K, used 83965K [0x00000000a3200000, 0x00000000ab700000, 0x00000000e1080000)
  object space 136192K, 61% used [0x00000000a3200000,0x00000000a83ff6f0,0x00000000ab700000)
 PSPermGen       total 21504K, used 4507K [0x000000009e000000, 0x000000009f500000, 0x00000000a3200000)
  object space 21504K, 20% used [0x000000009e000000,0x000000009e466c88,0x000000009f500000)
Event: 10.512 GC heap after
Heap after GC invocations=10 (full 1):
 PSYoungGen      total 337408K, used 57344K [0x00000000e1080000, 0x00000000fbd00000, 0x0000000100000000)
  eden space 280064K, 0% used [0x00000000e1080000,0x00000000e1080000,0x00000000f2200000)
  from space 57344K, 100% used [0x00000000f6d80000,0x00000000fa580000,0x00000000fa580000)
  to   space 24064K, 0% used [0x00000000fa580000,0x00000000fa580000,0x00000000fbd00000)
 ParOldGen       total 136192K, used 113594K [0x00000000a3200000, 0x00000000ab700000, 0x00000000e1080000)
  object space 136192K, 83% used [0x00000000a3200000,0x00000000aa0ee850,0x00000000ab700000)
 PSPermGen       total 21504K, used 4507K [0x000000009e000000, 0x000000009f500000, 0x00000000a3200000)
  object space 21504K, 20% used [0x000000009e000000,0x000000009e466c88,0x000000009f500000)
}
Event: 10.512 GC heap before
{Heap before GC invocations=11 (full 2):
 PSYoungGen      total 337408K, used 57344K [0x00000000e1080000, 0x00000000fbd00000, 0x0000000100000000)
  eden space 280064K, 0% used [0x00000000e1080000,0x00000000e1080000,0x00000000f2200000)
  from space 57344K, 100% used [0x00000000f6d80000,0x00000000fa580000,0x00000000fa580000)
  to   space 24064K, 0% used [0x00000000fa580000,0x00000000fa580000,0x00000000fbd00000)
 ParOldGen       total 136192K, used 113594K [0x00000000a3200000, 0x00000000ab700000, 0x00000000e1080000)
  object space 136192K, 83% used [0x00000000a3200000,0x00000000aa0ee850,0x00000000ab700000)
 PSPermGen       total 21504K, used 4507K [0x000000009e000000, 0x000000009f500000, 0x00000000a3200000)
  object space 21504K, 20% used [0x000000009e000000,0x000000009e466c88,0x000000009f500000)
Event: 12.592 GC heap after
Heap after GC invocations=11 (full 2):
 PSYoungGen      total 337408K, used 34772K [0x00000000e1080000, 0x00000000fbd00000, 0x0000000100000000)
  eden space 280064K, 0% used [0x00000000e1080000,0x00000000e1080000,0x00000000f2200000)
  from space 57344K, 60% used [0x00000000f6d80000,0x00000000f8f752b8,0x00000000fa580000)
  to   space 24064K, 0% used [0x00000000fa580000,0x00000000fa580000,0x00000000fbd00000)
 ParOldGen       total 245248K, used 135788K [0x00000000a3200000, 0x00000000b2180000, 0x00000000e1080000)
  object space 245248K, 55% used [0x00000000a3200000,0x00000000ab69b080,0x00000000b2180000)
 PSPermGen       total 21504K, used 4507K [0x000000009e000000, 0x000000009f500000, 0x00000000a3200000)
  object space 21504K, 20% used [0x000000009e000000,0x000000009e466c88,0x000000009f500000)
}

